<!DOCTYPE HTML PUBLIC "-//W3C//DTD HTML 4.01 Transitional//EN" "http://www.w3.org/TR/html4/loose.dtd">
<HTML><HEAD><META HTTP-EQUIV="Content-Type" CONTENT="text/html; charset=iso-8859-1">
<TITLE>ERROR: The requested URL could not be retrieved</TITLE>
<STYLE type="text/css"><!--BODY{background-color:#ffffff;font-family:verdana,sans-serif}PRE{font-family:sans-serif}--></STYLE>
</HEAD><BODY>
<H1>ERROR</H1>
<H2>The requested URL could not be retrieved</H2>
<HR noshade size="1px">
<P>
While trying to process the request:
<PRE>
POST /checkclearing HTTP/1.1
User-Agent: curl/7.21.3 (x86_64-pc-linux-gnu) libcurl/7.21.3 OpenSSL/0.9.8o zlib/1.2.3.4 libidn/1.18
Host: cranettd.appspot.com
Accept: */*
Content-Type: application/json
Content-Length: 10185
Expect: 100-continue

</PRE>
<P>
The following error was encountered:
<UL>
<LI>
<STRONG>
Invalid Request
</STRONG>
</UL>

<P>
Some aspect of the HTTP Request is invalid.  Possible problems:
<UL>
<LI>Missing or unknown request method
<LI>Missing URL
<LI>Missing HTTP Identifier (HTTP/1.0)
<LI>Request is too large
<LI>Content-Length missing for POST or PUT requests
<LI>Illegal character in hostname; underscores are not allowed
</UL>
<P>Your cache administrator is <A HREF="mailto:cache-admin@luc.edu">cache-admin@luc.edu</A>. 

<BR clear="all">
<HR noshade size="1px">
<ADDRESS>
Generated Wed, 03 Aug 2011 01:11:19 GMT by marvin.wt.luc.edu (squid/2.7.STABLE5)
</ADDRESS>
</BODY></HTML>
